<?xml version="1.0" encoding="UTF-8"?>
<coverage generated="1773319973">
  <project timestamp="1773319973">
    <file name="/Users/pavel.ko/Projects/logging-php/php/src/Command/ScanCommand.php">
      <class name="Adheart\Logging\Command\ScanCommand" namespace="global">
        <metrics complexity="22" methods="6" coveredmethods="4" conditionals="0" coveredconditionals="0" statements="186" coveredstatements="180" elements="192" coveredelements="184"/>
      </class>
      <line num="21" type="method" name="__construct" visibility="public" complexity="1" crap="1" count="8"/>
      <line num="28" type="stmt" count="8"/>
      <line num="31" type="method" name="configure" visibility="protected" complexity="1" crap="1" count="8"/>
      <line num="34" type="stmt" count="8"/>
      <line num="35" type="stmt" count="8"/>
      <line num="36" type="stmt" count="8"/>
      <line num="37" type="stmt" count="8"/>
      <line num="38" type="stmt" count="8"/>
      <line num="39" type="stmt" count="8"/>
      <line num="40" type="stmt" count="8"/>
      <line num="41" type="stmt" count="8"/>
      <line num="42" type="stmt" count="8"/>
      <line num="43" type="stmt" count="8"/>
      <line num="44" type="stmt" count="8"/>
      <line num="45" type="stmt" count="8"/>
      <line num="46" type="stmt" count="8"/>
      <line num="47" type="stmt" count="8"/>
      <line num="48" type="stmt" count="8"/>
      <line num="49" type="stmt" count="8"/>
      <line num="50" type="stmt" count="8"/>
      <line num="51" type="stmt" count="8"/>
      <line num="52" type="stmt" count="8"/>
      <line num="53" type="stmt" count="8"/>
      <line num="54" type="stmt" count="8"/>
      <line num="55" type="stmt" count="8"/>
      <line num="56" type="stmt" count="8"/>
      <line num="57" type="stmt" count="8"/>
      <line num="58" type="stmt" count="8"/>
      <line num="59" type="stmt" count="8"/>
      <line num="60" type="stmt" count="8"/>
      <line num="61" type="stmt" count="8"/>
      <line num="62" type="stmt" count="8"/>
      <line num="63" type="stmt" count="8"/>
      <line num="64" type="stmt" count="8"/>
      <line num="65" type="stmt" count="8"/>
      <line num="66" type="stmt" count="8"/>
      <line num="67" type="stmt" count="8"/>
      <line num="68" type="stmt" count="8"/>
      <line num="69" type="stmt" count="8"/>
      <line num="70" type="stmt" count="8"/>
      <line num="71" type="stmt" count="8"/>
      <line num="72" type="stmt" count="8"/>
      <line num="73" type="stmt" count="8"/>
      <line num="74" type="stmt" count="8"/>
      <line num="75" type="stmt" count="8"/>
      <line num="76" type="stmt" count="8"/>
      <line num="77" type="stmt" count="8"/>
      <line num="78" type="stmt" count="8"/>
      <line num="79" type="stmt" count="8"/>
      <line num="80" type="stmt" count="8"/>
      <line num="81" type="stmt" count="8"/>
      <line num="82" type="stmt" count="8"/>
      <line num="83" type="stmt" count="8"/>
      <line num="84" type="stmt" count="8"/>
      <line num="85" type="stmt" count="8"/>
      <line num="86" type="stmt" count="8"/>
      <line num="87" type="stmt" count="8"/>
      <line num="88" type="stmt" count="8"/>
      <line num="89" type="stmt" count="8"/>
      <line num="90" type="stmt" count="8"/>
      <line num="91" type="stmt" count="8"/>
      <line num="92" type="stmt" count="8"/>
      <line num="93" type="stmt" count="8"/>
      <line num="94" type="stmt" count="8"/>
      <line num="95" type="stmt" count="8"/>
      <line num="96" type="stmt" count="8"/>
      <line num="97" type="stmt" count="8"/>
      <line num="98" type="stmt" count="8"/>
      <line num="99" type="stmt" count="8"/>
      <line num="100" type="stmt" count="8"/>
      <line num="101" type="stmt" count="8"/>
      <line num="102" type="stmt" count="8"/>
      <line num="103" type="stmt" count="8"/>
      <line num="104" type="stmt" count="8"/>
      <line num="105" type="stmt" count="8"/>
      <line num="106" type="stmt" count="8"/>
      <line num="107" type="stmt" count="8"/>
      <line num="108" type="stmt" count="8"/>
      <line num="109" type="stmt" count="8"/>
      <line num="110" type="stmt" count="8"/>
      <line num="111" type="stmt" count="8"/>
      <line num="112" type="stmt" count="8"/>
      <line num="113" type="stmt" count="8"/>
      <line num="114" type="stmt" count="8"/>
      <line num="115" type="stmt" count="8"/>
      <line num="116" type="stmt" count="8"/>
      <line num="117" type="stmt" count="8"/>
      <line num="118" type="stmt" count="8"/>
      <line num="119" type="stmt" count="8"/>
      <line num="120" type="stmt" count="8"/>
      <line num="121" type="stmt" count="8"/>
      <line num="122" type="stmt" count="8"/>
      <line num="123" type="stmt" count="8"/>
      <line num="124" type="stmt" count="8"/>
      <line num="125" type="stmt" count="8"/>
      <line num="126" type="stmt" count="8"/>
      <line num="127" type="stmt" count="8"/>
      <line num="128" type="stmt" count="8"/>
      <line num="129" type="stmt" count="8"/>
      <line num="130" type="stmt" count="8"/>
      <line num="131" type="stmt" count="8"/>
      <line num="132" type="stmt" count="8"/>
      <line num="133" type="stmt" count="8"/>
      <line num="134" type="stmt" count="8"/>
      <line num="135" type="stmt" count="8"/>
      <line num="136" type="stmt" count="8"/>
      <line num="137" type="stmt" count="8"/>
      <line num="138" type="stmt" count="8"/>
      <line num="139" type="stmt" count="8"/>
      <line num="140" type="stmt" count="8"/>
      <line num="141" type="stmt" count="8"/>
      <line num="142" type="stmt" count="8"/>
      <line num="143" type="stmt" count="8"/>
      <line num="144" type="stmt" count="8"/>
      <line num="145" type="stmt" count="8"/>
      <line num="146" type="stmt" count="8"/>
      <line num="147" type="stmt" count="8"/>
      <line num="148" type="stmt" count="8"/>
      <line num="149" type="stmt" count="8"/>
      <line num="150" type="stmt" count="8"/>
      <line num="151" type="stmt" count="8"/>
      <line num="152" type="stmt" count="8"/>
      <line num="153" type="stmt" count="8"/>
      <line num="154" type="stmt" count="8"/>
      <line num="155" type="stmt" count="8"/>
      <line num="156" type="stmt" count="8"/>
      <line num="157" type="stmt" count="8"/>
      <line num="158" type="stmt" count="8"/>
      <line num="159" type="stmt" count="8"/>
      <line num="162" type="method" name="execute" visibility="protected" complexity="8" crap="8" count="8"/>
      <line num="165" type="stmt" count="8"/>
      <line num="167" type="stmt" count="8"/>
      <line num="168" type="stmt" count="8"/>
      <line num="169" type="stmt" count="4"/>
      <line num="172" type="stmt" count="4"/>
      <line num="173" type="stmt" count="4"/>
      <line num="175" type="stmt" count="4"/>
      <line num="176" type="stmt" count="1"/>
      <line num="177" type="stmt" count="1"/>
      <line num="180" type="stmt" count="3"/>
      <line num="181" type="stmt" count="3"/>
      <line num="182" type="stmt" count="3"/>
      <line num="183" type="stmt" count="3"/>
      <line num="184" type="stmt" count="3"/>
      <line num="185" type="stmt" count="3"/>
      <line num="186" type="stmt" count="3"/>
      <line num="187" type="stmt" count="3"/>
      <line num="188" type="stmt" count="3"/>
      <line num="189" type="stmt" count="3"/>
      <line num="190" type="stmt" count="3"/>
      <line num="192" type="stmt" count="3"/>
      <line num="194" type="stmt" count="3"/>
      <line num="195" type="stmt" count="2"/>
      <line num="197" type="stmt" count="1"/>
      <line num="198" type="stmt" count="1"/>
      <line num="199" type="stmt" count="1"/>
      <line num="203" type="stmt" count="3"/>
      <line num="204" type="stmt" count="1"/>
      <line num="205" type="stmt" count="1"/>
      <line num="206" type="stmt" count="1"/>
      <line num="210" type="stmt" count="3"/>
      <line num="216" type="method" name="renderLoggerList" visibility="private" complexity="3" crap="3.21" count="1"/>
      <line num="218" type="stmt" count="1"/>
      <line num="219" type="stmt" count="0"/>
      <line num="220" type="stmt" count="0"/>
      <line num="223" type="stmt" count="1"/>
      <line num="224" type="stmt" count="1"/>
      <line num="225" type="stmt" count="1"/>
      <line num="228" type="stmt" count="1"/>
      <line num="231" type="method" name="resolveDefaultChannel" visibility="private" complexity="4" crap="6.00" count="4"/>
      <line num="233" type="stmt" count="4"/>
      <line num="234" type="stmt" count="4"/>
      <line num="235" type="stmt" count="4"/>
      <line num="236" type="stmt" count="4"/>
      <line num="240" type="stmt" count="0"/>
      <line num="241" type="stmt" count="0"/>
      <line num="242" type="stmt" count="0"/>
      <line num="245" type="stmt" count="0"/>
      <line num="248" type="method" name="isValidInput" visibility="private" complexity="5" crap="5" count="8"/>
      <line num="250" type="stmt" count="8"/>
      <line num="251" type="stmt" count="1"/>
      <line num="252" type="stmt" count="1"/>
      <line num="255" type="stmt" count="7"/>
      <line num="256" type="stmt" count="1"/>
      <line num="257" type="stmt" count="1"/>
      <line num="260" type="stmt" count="6"/>
      <line num="261" type="stmt" count="1"/>
      <line num="262" type="stmt" count="1"/>
      <line num="265" type="stmt" count="5"/>
      <line num="266" type="stmt" count="1"/>
      <line num="267" type="stmt" count="1"/>
      <line num="270" type="stmt" count="4"/>
      <metrics loc="273" ncloc="270" classes="1" methods="6" coveredmethods="4" conditionals="0" coveredconditionals="0" statements="186" coveredstatements="180" elements="192" coveredelements="184"/>
    </file>
    <file name="/Users/pavel.ko/Projects/logging-php/php/src/Core/Formatters/SchemaFormatterV1.php">
      <class name="Adheart\Logging\Core\Formatters\SchemaFormatterV1" namespace="global">
        <metrics complexity="35" methods="6" coveredmethods="5" conditionals="0" coveredconditionals="0" statements="74" coveredstatements="71" elements="80" coveredelements="76"/>
      </class>
      <line num="35" type="method" name="__construct" visibility="public" complexity="1" crap="1" count="7"/>
      <line num="43" type="stmt" count="7"/>
      <line num="44" type="stmt" count="7"/>
      <line num="45" type="stmt" count="7"/>
      <line num="46" type="stmt" count="7"/>
      <line num="49" type="method" name="format" visibility="public" complexity="10" crap="10" count="7"/>
      <line num="52" type="stmt" count="7"/>
      <line num="54" type="stmt" count="7"/>
      <line num="55" type="stmt" count="7"/>
      <line num="56" type="stmt" count="7"/>
      <line num="57" type="stmt" count="7"/>
      <line num="59" type="stmt" count="7"/>
      <line num="60" type="stmt" count="7"/>
      <line num="62" type="stmt" count="7"/>
      <line num="63" type="stmt" count="7"/>
      <line num="64" type="stmt" count="2"/>
      <line num="65" type="stmt" count="2"/>
      <line num="66" type="stmt" count="2"/>
      <line num="67" type="stmt" count="2"/>
      <line num="68" type="stmt" count="2"/>
      <line num="70" type="stmt" count="7"/>
      <line num="71" type="stmt" count="7"/>
      <line num="73" type="stmt" count="7"/>
      <line num="75" type="stmt" count="7"/>
      <line num="76" type="stmt" count="7"/>
      <line num="77" type="stmt" count="7"/>
      <line num="79" type="stmt" count="7"/>
      <line num="81" type="stmt" count="7"/>
      <line num="82" type="stmt" count="7"/>
      <line num="83" type="stmt" count="7"/>
      <line num="84" type="stmt" count="7"/>
      <line num="85" type="stmt" count="7"/>
      <line num="86" type="stmt" count="7"/>
      <line num="87" type="stmt" count="7"/>
      <line num="88" type="stmt" count="7"/>
      <line num="89" type="stmt" count="7"/>
      <line num="91" type="stmt" count="7"/>
      <line num="105" type="method" name="extractObject" visibility="private" complexity="5" crap="5.93" count="7"/>
      <line num="107" type="stmt" count="7"/>
      <line num="108" type="stmt" count="1"/>
      <line num="109" type="stmt" count="1"/>
      <line num="111" type="stmt" count="1"/>
      <line num="114" type="stmt" count="6"/>
      <line num="115" type="stmt" count="0"/>
      <line num="116" type="stmt" count="0"/>
      <line num="118" type="stmt" count="0"/>
      <line num="121" type="stmt" count="6"/>
      <line num="133" type="method" name="extractTraceObject" visibility="private" complexity="12" crap="12" count="7"/>
      <line num="136" type="stmt" count="7"/>
      <line num="137" type="stmt" count="7"/>
      <line num="138" type="stmt" count="3"/>
      <line num="139" type="stmt" count="3"/>
      <line num="143" type="stmt" count="7"/>
      <line num="144" type="stmt" count="7"/>
      <line num="145" type="stmt" count="3"/>
      <line num="146" type="stmt" count="3"/>
      <line num="149" type="stmt" count="7"/>
      <line num="150" type="stmt" count="1"/>
      <line num="153" type="stmt" count="6"/>
      <line num="154" type="stmt" count="1"/>
      <line num="155" type="stmt" count="1"/>
      <line num="158" type="stmt" count="1"/>
      <line num="161" type="stmt" count="5"/>
      <line num="162" type="stmt" count="1"/>
      <line num="165" type="stmt" count="5"/>
      <line num="166" type="stmt" count="1"/>
      <line num="169" type="stmt" count="5"/>
      <line num="175" type="method" name="looksLikeTraceContext" visibility="private" complexity="4" crap="4" count="7"/>
      <line num="177" type="stmt" count="7"/>
      <line num="178" type="stmt" count="4"/>
      <line num="181" type="stmt" count="3"/>
      <line num="182" type="stmt" count="3"/>
      <line num="183" type="stmt" count="2"/>
      <line num="187" type="stmt" count="2"/>
      <line num="195" type="method" name="formatTimestamp" visibility="private" complexity="3" crap="3" count="7"/>
      <line num="197" type="stmt" count="7"/>
      <line num="198" type="stmt" count="1"/>
      <line num="201" type="stmt" count="7"/>
      <line num="203" type="stmt" count="7"/>
      <line num="205" type="stmt" count="7"/>
      <metrics loc="208" ncloc="158" classes="1" methods="6" coveredmethods="5" conditionals="0" coveredconditionals="0" statements="74" coveredstatements="71" elements="80" coveredelements="76"/>
    </file>
    <file name="/Users/pavel.ko/Projects/logging-php/php/src/Core/Processors/MessageNormalizerProcessor.php">
      <class name="Adheart\Logging\Core\Processors\MessageNormalizerProcessor" namespace="global">
        <metrics complexity="6" methods="1" coveredmethods="1" conditionals="0" coveredconditionals="0" statements="10" coveredstatements="10" elements="11" coveredelements="11"/>
      </class>
      <line num="11" type="method" name="__invoke" visibility="public" complexity="6" crap="6" count="4"/>
      <line num="13" type="stmt" count="4"/>
      <line num="14" type="stmt" count="3"/>
      <line num="15" type="stmt" count="1"/>
      <line num="16" type="stmt" count="4"/>
      <line num="18" type="stmt" count="4"/>
      <line num="19" type="stmt" count="2"/>
      <line num="20" type="stmt" count="2"/>
      <line num="23" type="stmt" count="4"/>
      <line num="24" type="stmt" count="4"/>
      <line num="26" type="stmt" count="4"/>
      <metrics loc="29" ncloc="29" classes="1" methods="1" coveredmethods="1" conditionals="0" coveredconditionals="0" statements="10" coveredstatements="10" elements="11" coveredelements="11"/>
    </file>
    <file name="/Users/pavel.ko/Projects/logging-php/php/src/Core/Processors/TraceContextProcessor.php">
      <class name="Adheart\Logging\Core\Processors\TraceContextProcessor" namespace="global">
        <metrics complexity="7" methods="2" coveredmethods="2" conditionals="0" coveredconditionals="0" statements="12" coveredstatements="12" elements="14" coveredelements="14"/>
      </class>
      <line num="17" type="method" name="__construct" visibility="public" complexity="2" crap="2" count="2"/>
      <line num="19" type="stmt" count="2"/>
      <line num="22" type="method" name="__invoke" visibility="public" complexity="5" crap="5" count="2"/>
      <line num="24" type="stmt" count="2"/>
      <line num="25" type="stmt" count="2"/>
      <line num="26" type="stmt" count="1"/>
      <line num="29" type="stmt" count="2"/>
      <line num="30" type="stmt" count="2"/>
      <line num="32" type="stmt" count="2"/>
      <line num="33" type="stmt" count="2"/>
      <line num="34" type="stmt" count="1"/>
      <line num="37" type="stmt" count="2"/>
      <line num="41" type="stmt" count="2"/>
      <line num="43" type="stmt" count="2"/>
      <metrics loc="46" ncloc="42" classes="1" methods="2" coveredmethods="2" conditionals="0" coveredconditionals="0" statements="12" coveredstatements="12" elements="14" coveredelements="14"/>
    </file>
    <file name="/Users/pavel.ko/Projects/logging-php/php/src/Core/Trace/TraceContextProviderInterface.php">
      <metrics loc="14" ncloc="11" classes="0" methods="0" coveredmethods="0" conditionals="0" coveredconditionals="0" statements="0" coveredstatements="0" elements="0" coveredelements="0"/>
    </file>
    <file name="/Users/pavel.ko/Projects/logging-php/php/src/DependencyInjection/AdheartLoggingExtension.php">
      <class name="Adheart\Logging\DependencyInjection\AdheartLoggingExtension" namespace="global">
        <metrics complexity="31" methods="11" coveredmethods="6" conditionals="0" coveredconditionals="0" statements="123" coveredstatements="117" elements="134" coveredelements="123"/>
      </class>
      <line num="27" type="method" name="getAlias" visibility="public" complexity="1" crap="2" count="0"/>
      <line num="30" type="stmt" count="0"/>
      <line num="36" type="method" name="load" visibility="public" complexity="2" crap="2.00" count="6"/>
      <line num="39" type="stmt" count="6"/>
      <line num="51" type="stmt" count="6"/>
      <line num="53" type="stmt" count="5"/>
      <line num="54" type="stmt" count="5"/>
      <line num="56" type="stmt" count="4"/>
      <line num="57" type="stmt" count="0"/>
      <line num="60" type="stmt" count="4"/>
      <line num="61" type="stmt" count="4"/>
      <line num="62" type="stmt" count="4"/>
      <line num="63" type="stmt" count="4"/>
      <line num="65" type="stmt" count="4"/>
      <line num="66" type="stmt" count="4"/>
      <line num="67" type="stmt" count="4"/>
      <line num="69" type="stmt" count="4"/>
      <line num="70" type="stmt" count="4"/>
      <line num="72" type="stmt" count="4"/>
      <line num="73" type="stmt" count="4"/>
      <line num="74" type="stmt" count="4"/>
      <line num="77" type="method" name="canRegisterScanCommand" visibility="private" complexity="3" crap="3" count="4"/>
      <line num="79" type="stmt" count="4"/>
      <line num="80" type="stmt" count="4"/>
      <line num="81" type="stmt" count="4"/>
      <line num="96" type="method" name="registerLoggingConfiguration" visibility="private" complexity="13" crap="13" count="5"/>
      <line num="98" type="stmt" count="5"/>
      <line num="99" type="stmt" count="5"/>
      <line num="100" type="stmt" count="1"/>
      <line num="103" type="stmt" count="5"/>
      <line num="104" type="stmt" count="5"/>
      <line num="105" type="stmt" count="0"/>
      <line num="108" type="stmt" count="5"/>
      <line num="109" type="stmt" count="5"/>
      <line num="110" type="stmt" count="2"/>
      <line num="113" type="stmt" count="5"/>
      <line num="114" type="stmt" count="5"/>
      <line num="116" type="stmt" count="5"/>
      <line num="117" type="stmt" count="3"/>
      <line num="118" type="stmt" count="3"/>
      <line num="119" type="stmt" count="0"/>
      <line num="122" type="stmt" count="3"/>
      <line num="123" type="stmt" count="1"/>
      <line num="124" type="stmt" count="1"/>
      <line num="126" type="stmt" count="1"/>
      <line num="127" type="stmt" count="1"/>
      <line num="128" type="stmt" count="1"/>
      <line num="129" type="stmt" count="1"/>
      <line num="130" type="stmt" count="1"/>
      <line num="133" type="stmt" count="2"/>
      <line num="134" type="stmt" count="2"/>
      <line num="135" type="stmt" count="2"/>
      <line num="136" type="stmt" count="2"/>
      <line num="137" type="stmt" count="2"/>
      <line num="138" type="stmt" count="2"/>
      <line num="141" type="stmt" count="2"/>
      <line num="142" type="stmt" count="2"/>
      <line num="143" type="stmt" count="2"/>
      <line num="144" type="stmt" count="2"/>
      <line num="145" type="stmt" count="2"/>
      <line num="146" type="stmt" count="2"/>
      <line num="150" type="stmt" count="4"/>
      <line num="151" type="stmt" count="4"/>
      <line num="152" type="stmt" count="4"/>
      <line num="155" type="stmt" count="4"/>
      <line num="156" type="stmt" count="4"/>
      <line num="157" type="stmt" count="2"/>
      <line num="158" type="stmt" count="2"/>
      <line num="159" type="stmt" count="2"/>
      <line num="160" type="stmt" count="2"/>
      <line num="161" type="stmt" count="2"/>
      <line num="164" type="stmt" count="4"/>
      <line num="165" type="stmt" count="4"/>
      <line num="167" type="stmt" count="4"/>
      <line num="168" type="stmt" count="4"/>
      <line num="169" type="stmt" count="4"/>
      <line num="170" type="stmt" count="2"/>
      <line num="173" type="stmt" count="4"/>
      <line num="174" type="stmt" count="4"/>
      <line num="177" type="stmt" count="4"/>
      <line num="178" type="stmt" count="4"/>
      <line num="179" type="stmt" count="4"/>
      <line num="185" type="method" name="registerBuiltinServices" visibility="private" complexity="1" crap="1" count="5"/>
      <line num="187" type="stmt" count="5"/>
      <line num="188" type="stmt" count="5"/>
      <line num="189" type="stmt" count="5"/>
      <line num="190" type="stmt" count="5"/>
      <line num="191" type="stmt" count="5"/>
      <line num="192" type="stmt" count="5"/>
      <line num="194" type="stmt" count="5"/>
      <line num="195" type="stmt" count="5"/>
      <line num="196" type="stmt" count="5"/>
      <line num="198" type="stmt" count="5"/>
      <line num="199" type="stmt" count="5"/>
      <line num="200" type="stmt" count="5"/>
      <line num="202" type="stmt" count="5"/>
      <line num="203" type="stmt" count="5"/>
      <line num="204" type="stmt" count="5"/>
      <line num="206" type="stmt" count="5"/>
      <line num="207" type="stmt" count="5"/>
      <line num="208" type="stmt" count="5"/>
      <line num="214" type="method" name="builtinProcessorAliases" visibility="private" complexity="1" crap="1" count="5"/>
      <line num="216" type="stmt" count="5"/>
      <line num="217" type="stmt" count="5"/>
      <line num="218" type="stmt" count="5"/>
      <line num="219" type="stmt" count="5"/>
      <line num="225" type="method" name="builtinTraceProviderAliases" visibility="private" complexity="1" crap="1" count="5"/>
      <line num="227" type="stmt" count="5"/>
      <line num="228" type="stmt" count="5"/>
      <line num="229" type="stmt" count="5"/>
      <line num="230" type="stmt" count="5"/>
      <line num="236" type="method" name="builtinIntegrations" visibility="private" complexity="1" crap="1" count="5"/>
      <line num="238" type="stmt" count="5"/>
      <line num="239" type="stmt" count="5"/>
      <line num="240" type="stmt" count="5"/>
      <line num="241" type="stmt" count="5"/>
      <line num="242" type="stmt" count="5"/>
      <line num="243" type="stmt" count="5"/>
      <line num="249" type="method" name="resolveAliasOrServiceId" visibility="private" complexity="4" crap="4.03" count="4"/>
      <line num="251" type="stmt" count="4"/>
      <line num="252" type="stmt" count="4"/>
      <line num="253" type="stmt" count="0"/>
      <line num="256" type="stmt" count="4"/>
      <line num="257" type="stmt" count="2"/>
      <line num="260" type="stmt" count="4"/>
      <line num="261" type="stmt" count="4"/>
      <line num="264" type="stmt" count="2"/>
      <line num="267" type="method" name="normalizeServiceId" visibility="private" complexity="3" crap="3.14" count="1"/>
      <line num="269" type="stmt" count="1"/>
      <line num="270" type="stmt" count="1"/>
      <line num="271" type="stmt" count="0"/>
      <line num="274" type="stmt" count="1"/>
      <line num="282" type="method" name="uniqueValues" visibility="private" complexity="1" crap="1" count="4"/>
      <line num="284" type="stmt" count="4"/>
      <metrics loc="287" ncloc="241" classes="1" methods="11" coveredmethods="6" conditionals="0" coveredconditionals="0" statements="123" coveredstatements="117" elements="134" coveredelements="123"/>
    </file>
    <file name="/Users/pavel.ko/Projects/logging-php/php/src/DependencyInjection/Compiler/ApplyLoggingFormatterPass.php">
      <class name="Adheart\Logging\DependencyInjection\Compiler\ApplyLoggingFormatterPass" namespace="global">
        <metrics complexity="23" methods="4" coveredmethods="4" conditionals="0" coveredconditionals="0" statements="39" coveredstatements="39" elements="43" coveredelements="43"/>
      </class>
      <line num="16" type="method" name="process" visibility="public" complexity="8" crap="8" count="11"/>
      <line num="19" type="stmt" count="11"/>
      <line num="20" type="stmt" count="1"/>
      <line num="24" type="stmt" count="10"/>
      <line num="25" type="stmt" count="10"/>
      <line num="26" type="stmt" count="2"/>
      <line num="29" type="stmt" count="8"/>
      <line num="30" type="stmt" count="1"/>
      <line num="31" type="stmt" count="1"/>
      <line num="32" type="stmt" count="1"/>
      <line num="33" type="stmt" count="1"/>
      <line num="36" type="stmt" count="7"/>
      <line num="38" type="stmt" count="7"/>
      <line num="39" type="stmt" count="7"/>
      <line num="41" type="stmt" count="7"/>
      <line num="42" type="stmt" count="2"/>
      <line num="45" type="stmt" count="7"/>
      <line num="52" type="method" name="collectHandlerDefinitionIds" visibility="private" complexity="8" crap="8" count="7"/>
      <line num="54" type="stmt" count="7"/>
      <line num="56" type="stmt" count="7"/>
      <line num="57" type="stmt" count="7"/>
      <line num="58" type="stmt" count="7"/>
      <line num="62" type="stmt" count="7"/>
      <line num="63" type="stmt" count="3"/>
      <line num="64" type="stmt" count="2"/>
      <line num="67" type="stmt" count="1"/>
      <line num="68" type="stmt" count="1"/>
      <line num="69" type="stmt" count="1"/>
      <line num="73" type="stmt" count="7"/>
      <line num="75" type="stmt" count="7"/>
      <line num="78" type="method" name="supportsFormatter" visibility="private" complexity="3" crap="3" count="7"/>
      <line num="80" type="stmt" count="7"/>
      <line num="81" type="stmt" count="7"/>
      <line num="82" type="stmt" count="1"/>
      <line num="85" type="stmt" count="6"/>
      <line num="88" type="method" name="resolveDefinitionClass" visibility="private" complexity="4" crap="4" count="7"/>
      <line num="90" type="stmt" count="7"/>
      <line num="91" type="stmt" count="6"/>
      <line num="94" type="stmt" count="2"/>
      <line num="95" type="stmt" count="1"/>
      <line num="96" type="stmt" count="1"/>
      <line num="97" type="stmt" count="1"/>
      <line num="101" type="stmt" count="1"/>
      <metrics loc="104" ncloc="100" classes="1" methods="4" coveredmethods="4" conditionals="0" coveredconditionals="0" statements="39" coveredstatements="39" elements="43" coveredelements="43"/>
    </file>
    <file name="/Users/pavel.ko/Projects/logging-php/php/src/DependencyInjection/Compiler/ApplyLoggingProcessorsPass.php">
      <class name="Adheart\Logging\DependencyInjection\Compiler\ApplyLoggingProcessorsPass" namespace="global">
        <metrics complexity="23" methods="4" coveredmethods="2" conditionals="0" coveredconditionals="0" statements="38" coveredstatements="36" elements="42" coveredelements="38"/>
      </class>
      <line num="14" type="method" name="process" visibility="public" complexity="7" crap="7.01" count="7"/>
      <line num="17" type="stmt" count="7"/>
      <line num="18" type="stmt" count="0"/>
      <line num="22" type="stmt" count="7"/>
      <line num="23" type="stmt" count="7"/>
      <line num="24" type="stmt" count="1"/>
      <line num="27" type="stmt" count="6"/>
      <line num="29" type="stmt" count="6"/>
      <line num="30" type="stmt" count="6"/>
      <line num="34" type="stmt" count="6"/>
      <line num="35" type="stmt" count="6"/>
      <line num="36" type="stmt" count="1"/>
      <line num="37" type="stmt" count="1"/>
      <line num="38" type="stmt" count="1"/>
      <line num="39" type="stmt" count="1"/>
      <line num="42" type="stmt" count="5"/>
      <line num="43" type="stmt" count="1"/>
      <line num="46" type="stmt" count="5"/>
      <line num="54" type="method" name="collectLoggerDefinitionIds" visibility="private" complexity="8" crap="8" count="6"/>
      <line num="56" type="stmt" count="6"/>
      <line num="58" type="stmt" count="6"/>
      <line num="59" type="stmt" count="6"/>
      <line num="60" type="stmt" count="6"/>
      <line num="64" type="stmt" count="6"/>
      <line num="65" type="stmt" count="3"/>
      <line num="66" type="stmt" count="2"/>
      <line num="69" type="stmt" count="1"/>
      <line num="70" type="stmt" count="1"/>
      <line num="71" type="stmt" count="1"/>
      <line num="75" type="stmt" count="6"/>
      <line num="77" type="stmt" count="6"/>
      <line num="83" type="method" name="hasProcessorCall" visibility="private" complexity="6" crap="6.07" count="5"/>
      <line num="85" type="stmt" count="5"/>
      <line num="86" type="stmt" count="3"/>
      <line num="87" type="stmt" count="1"/>
      <line num="90" type="stmt" count="2"/>
      <line num="91" type="stmt" count="0"/>
      <line num="94" type="stmt" count="2"/>
      <line num="95" type="stmt" count="1"/>
      <line num="99" type="stmt" count="5"/>
      <line num="102" type="method" name="serviceExists" visibility="private" complexity="2" crap="2" count="6"/>
      <line num="104" type="stmt" count="6"/>
      <metrics loc="107" ncloc="98" classes="1" methods="4" coveredmethods="2" conditionals="0" coveredconditionals="0" statements="38" coveredstatements="36" elements="42" coveredelements="38"/>
    </file>
    <file name="/Users/pavel.ko/Projects/logging-php/php/src/DependencyInjection/Compiler/RegisterLoggerServicesPass.php">
      <class name="Adheart\Logging\DependencyInjection\Compiler\RegisterLoggerServicesPass" namespace="global">
        <metrics complexity="9" methods="2" coveredmethods="2" conditionals="0" coveredconditionals="0" statements="20" coveredstatements="20" elements="22" coveredelements="22"/>
      </class>
      <line num="14" type="method" name="process" visibility="public" complexity="4" crap="4" count="5"/>
      <line num="17" type="stmt" count="5"/>
      <line num="18" type="stmt" count="1"/>
      <line num="21" type="stmt" count="4"/>
      <line num="22" type="stmt" count="4"/>
      <line num="23" type="stmt" count="4"/>
      <line num="24" type="stmt" count="1"/>
      <line num="27" type="stmt" count="3"/>
      <line num="30" type="stmt" count="4"/>
      <line num="31" type="stmt" count="4"/>
      <line num="32" type="stmt" count="4"/>
      <line num="38" type="method" name="collectCandidateServiceIds" visibility="private" complexity="5" crap="5" count="4"/>
      <line num="40" type="stmt" count="4"/>
      <line num="42" type="stmt" count="4"/>
      <line num="43" type="stmt" count="4"/>
      <line num="44" type="stmt" count="1"/>
      <line num="48" type="stmt" count="4"/>
      <line num="49" type="stmt" count="2"/>
      <line num="50" type="stmt" count="1"/>
      <line num="54" type="stmt" count="4"/>
      <line num="55" type="stmt" count="4"/>
      <line num="57" type="stmt" count="4"/>
      <metrics loc="60" ncloc="57" classes="1" methods="2" coveredmethods="2" conditionals="0" coveredconditionals="0" statements="20" coveredstatements="20" elements="22" coveredelements="22"/>
    </file>
    <file name="/Users/pavel.ko/Projects/logging-php/php/src/DependencyInjection/Configuration.php">
      <class name="Adheart\Logging\DependencyInjection\Configuration" namespace="global">
        <metrics complexity="1" methods="1" coveredmethods="1" conditionals="0" coveredconditionals="0" statements="59" coveredstatements="59" elements="60" coveredelements="60"/>
      </class>
      <line num="12" type="method" name="getConfigTreeBuilder" visibility="public" complexity="1" crap="1" count="6"/>
      <line num="15" type="stmt" count="6"/>
      <line num="17" type="stmt" count="6"/>
      <line num="18" type="stmt" count="6"/>
      <line num="19" type="stmt" count="6"/>
      <line num="20" type="stmt" count="6"/>
      <line num="21" type="stmt" count="6"/>
      <line num="22" type="stmt" count="6"/>
      <line num="23" type="stmt" count="6"/>
      <line num="24" type="stmt" count="6"/>
      <line num="25" type="stmt" count="6"/>
      <line num="26" type="stmt" count="6"/>
      <line num="27" type="stmt" count="6"/>
      <line num="28" type="stmt" count="6"/>
      <line num="29" type="stmt" count="6"/>
      <line num="30" type="stmt" count="6"/>
      <line num="31" type="stmt" count="6"/>
      <line num="32" type="stmt" count="6"/>
      <line num="33" type="stmt" count="6"/>
      <line num="34" type="stmt" count="6"/>
      <line num="35" type="stmt" count="6"/>
      <line num="36" type="stmt" count="6"/>
      <line num="37" type="stmt" count="6"/>
      <line num="38" type="stmt" count="6"/>
      <line num="39" type="stmt" count="6"/>
      <line num="40" type="stmt" count="6"/>
      <line num="41" type="stmt" count="6"/>
      <line num="42" type="stmt" count="6"/>
      <line num="43" type="stmt" count="6"/>
      <line num="44" type="stmt" count="6"/>
      <line num="45" type="stmt" count="6"/>
      <line num="46" type="stmt" count="6"/>
      <line num="47" type="stmt" count="6"/>
      <line num="48" type="stmt" count="6"/>
      <line num="49" type="stmt" count="6"/>
      <line num="50" type="stmt" count="6"/>
      <line num="51" type="stmt" count="6"/>
      <line num="52" type="stmt" count="6"/>
      <line num="53" type="stmt" count="6"/>
      <line num="54" type="stmt" count="6"/>
      <line num="55" type="stmt" count="6"/>
      <line num="56" type="stmt" count="6"/>
      <line num="57" type="stmt" count="6"/>
      <line num="58" type="stmt" count="6"/>
      <line num="59" type="stmt" count="6"/>
      <line num="60" type="stmt" count="6"/>
      <line num="61" type="stmt" count="6"/>
      <line num="62" type="stmt" count="6"/>
      <line num="63" type="stmt" count="6"/>
      <line num="64" type="stmt" count="6"/>
      <line num="65" type="stmt" count="6"/>
      <line num="66" type="stmt" count="6"/>
      <line num="67" type="stmt" count="6"/>
      <line num="68" type="stmt" count="6"/>
      <line num="69" type="stmt" count="6"/>
      <line num="70" type="stmt" count="6"/>
      <line num="71" type="stmt" count="6"/>
      <line num="72" type="stmt" count="6"/>
      <line num="73" type="stmt" count="6"/>
      <line num="75" type="stmt" count="6"/>
      <metrics loc="78" ncloc="78" classes="1" methods="1" coveredmethods="1" conditionals="0" coveredconditionals="0" statements="59" coveredstatements="59" elements="60" coveredelements="60"/>
    </file>
    <file name="/Users/pavel.ko/Projects/logging-php/php/src/Integration/OpenTelemetry/Trace/CfRayTraceContextProvider.php">
      <class name="Adheart\Logging\Integration\OpenTelemetry\Trace\CfRayTraceContextProvider" namespace="global">
        <metrics complexity="5" methods="2" coveredmethods="2" conditionals="0" coveredconditionals="0" statements="8" coveredstatements="8" elements="10" coveredelements="10"/>
      </class>
      <line num="12" type="method" name="__construct" visibility="public" complexity="1" crap="1" count="3"/>
      <line num="14" type="stmt" count="3"/>
      <line num="16" type="method" name="provide" visibility="public" complexity="4" crap="4" count="3"/>
      <line num="19" type="stmt" count="3"/>
      <line num="20" type="stmt" count="3"/>
      <line num="21" type="stmt" count="1"/>
      <line num="24" type="stmt" count="2"/>
      <line num="25" type="stmt" count="2"/>
      <line num="26" type="stmt" count="1"/>
      <line num="29" type="stmt" count="1"/>
      <metrics loc="32" ncloc="32" classes="1" methods="2" coveredmethods="2" conditionals="0" coveredconditionals="0" statements="8" coveredstatements="8" elements="10" coveredelements="10"/>
    </file>
    <file name="/Users/pavel.ko/Projects/logging-php/php/src/Integration/OpenTelemetry/Trace/OpenTelemetryTraceContextProvider.php">
      <class name="Adheart\Logging\Integration\OpenTelemetry\Trace\OpenTelemetryTraceContextProvider" namespace="global">
        <metrics complexity="23" methods="3" coveredmethods="1" conditionals="0" coveredconditionals="0" statements="41" coveredstatements="39" elements="44" coveredelements="40"/>
      </class>
      <line num="27" type="method" name="__construct" visibility="public" complexity="1" crap="1" count="6"/>
      <line num="29" type="stmt" count="6"/>
      <line num="32" type="method" name="provide" visibility="public" complexity="18" crap="18" count="6"/>
      <line num="35" type="stmt" count="6"/>
      <line num="37" type="stmt" count="6"/>
      <line num="38" type="stmt" count="6"/>
      <line num="40" type="stmt" count="6"/>
      <line num="41" type="stmt" count="2"/>
      <line num="44" type="stmt" count="4"/>
      <line num="45" type="stmt" count="4"/>
      <line num="46" type="stmt" count="0"/>
      <line num="47" type="stmt" count="4"/>
      <line num="48" type="stmt" count="2"/>
      <line num="49" type="stmt" count="2"/>
      <line num="51" type="stmt" count="4"/>
      <line num="52" type="stmt" count="2"/>
      <line num="55" type="stmt" count="4"/>
      <line num="56" type="stmt" count="4"/>
      <line num="57" type="stmt" count="1"/>
      <line num="58" type="stmt" count="3"/>
      <line num="60" type="stmt" count="4"/>
      <line num="61" type="stmt" count="3"/>
      <line num="62" type="stmt" count="3"/>
      <line num="65" type="stmt" count="4"/>
      <line num="66" type="stmt" count="4"/>
      <line num="67" type="stmt" count="4"/>
      <line num="68" type="stmt" count="4"/>
      <line num="69" type="stmt" count="4"/>
      <line num="70" type="stmt" count="4"/>
      <line num="76" type="method" name="readFromOpenTelemetry" visibility="private" complexity="4" crap="4.01" count="2"/>
      <line num="78" type="stmt" count="2"/>
      <line num="79" type="stmt" count="0"/>
      <line num="83" type="stmt" count="2"/>
      <line num="85" type="stmt" count="2"/>
      <line num="87" type="stmt" count="2"/>
      <line num="88" type="stmt" count="2"/>
      <line num="90" type="stmt" count="2"/>
      <line num="91" type="stmt" count="1"/>
      <line num="94" type="stmt" count="1"/>
      <line num="95" type="stmt" count="1"/>
      <line num="96" type="stmt" count="1"/>
      <line num="97" type="stmt" count="1"/>
      <line num="98" type="stmt" count="1"/>
      <line num="99" type="stmt" count="1"/>
      <metrics loc="102" ncloc="83" classes="1" methods="3" coveredmethods="1" conditionals="0" coveredconditionals="0" statements="41" coveredstatements="39" elements="44" coveredelements="40"/>
    </file>
    <file name="/Users/pavel.ko/Projects/logging-php/php/src/Inventory/Extractor/LogUsageExtractor.php">
      <class name="Adheart\Logging\Inventory\Extractor\LogUsageExtractor" namespace="global">
        <metrics complexity="2" methods="2" coveredmethods="2" conditionals="0" coveredconditionals="0" statements="9" coveredstatements="9" elements="11" coveredelements="11"/>
      </class>
      <line num="32" type="method" name="extractFromAst" visibility="public" complexity="1" crap="1" count="12"/>
      <line num="38" type="stmt" count="12"/>
      <line num="39" type="stmt" count="12"/>
      <line num="42" type="stmt" count="12"/>
      <line num="44" type="stmt" count="12"/>
      <line num="45" type="stmt" count="12"/>
      <line num="46" type="stmt" count="12"/>
      <line num="47" type="stmt" count="12"/>
      <line num="49" type="stmt" count="12"/>
      <line num="55" type="method" name="supportedMethods" visibility="public" complexity="1" crap="1" count="12"/>
      <line num="57" type="stmt" count="12"/>
      <metrics loc="60" ncloc="50" classes="1" methods="2" coveredmethods="2" conditionals="0" coveredconditionals="0" statements="9" coveredstatements="9" elements="11" coveredelements="11"/>
    </file>
    <file name="/Users/pavel.ko/Projects/logging-php/php/src/Inventory/Extractor/UsageCollectingVisitor.php">
      <class name="Adheart\Logging\Inventory\Extractor\UsageCollectingVisitor" namespace="global">
        <metrics complexity="167" methods="33" coveredmethods="10" conditionals="0" coveredconditionals="0" statements="339" coveredstatements="273" elements="372" coveredelements="283"/>
      </class>
      <line num="45" type="method" name="__construct" visibility="public" complexity="2" crap="2" count="12"/>
      <line num="50" type="stmt" count="12"/>
      <line num="51" type="stmt" count="12"/>
      <line num="52" type="stmt" count="12"/>
      <line num="53" type="stmt" count="12"/>
      <line num="54" type="stmt" count="12"/>
      <line num="55" type="stmt" count="12"/>
      <line num="56" type="stmt" count="12"/>
      <line num="58" type="stmt" count="12"/>
      <line num="60" type="stmt" count="12"/>
      <line num="61" type="stmt" count="11"/>
      <line num="68" type="method" name="usages" visibility="public" complexity="1" crap="1" count="12"/>
      <line num="70" type="stmt" count="12"/>
      <line num="73" type="method" name="enterNode" visibility="public" complexity="19" crap="19.79" count="12"/>
      <line num="76" type="stmt" count="12"/>
      <line num="77" type="stmt" count="1"/>
      <line num="78" type="stmt" count="1"/>
      <line num="79" type="stmt" count="1"/>
      <line num="80" type="stmt" count="1"/>
      <line num="81" type="stmt" count="1"/>
      <line num="82" type="stmt" count="1"/>
      <line num="84" type="stmt" count="1"/>
      <line num="87" type="stmt" count="12"/>
      <line num="88" type="stmt" count="1"/>
      <line num="89" type="stmt" count="1"/>
      <line num="90" type="stmt" count="0"/>
      <line num="93" type="stmt" count="1"/>
      <line num="94" type="stmt" count="1"/>
      <line num="95" type="stmt" count="1"/>
      <line num="97" type="stmt" count="1"/>
      <line num="100" type="stmt" count="12"/>
      <line num="101" type="stmt" count="1"/>
      <line num="102" type="stmt" count="1"/>
      <line num="103" type="stmt" count="0"/>
      <line num="106" type="stmt" count="1"/>
      <line num="107" type="stmt" count="1"/>
      <line num="109" type="stmt" count="1"/>
      <line num="112" type="stmt" count="12"/>
      <line num="113" type="stmt" count="1"/>
      <line num="114" type="stmt" count="1"/>
      <line num="115" type="stmt" count="0"/>
      <line num="118" type="stmt" count="1"/>
      <line num="119" type="stmt" count="1"/>
      <line num="120" type="stmt" count="0"/>
      <line num="123" type="stmt" count="1"/>
      <line num="124" type="stmt" count="0"/>
      <line num="125" type="stmt" count="0"/>
      <line num="126" type="stmt" count="0"/>
      <line num="130" type="stmt" count="1"/>
      <line num="131" type="stmt" count="1"/>
      <line num="132" type="stmt" count="1"/>
      <line num="133" type="stmt" count="1"/>
      <line num="135" type="stmt" count="1"/>
      <line num="136" type="stmt" count="1"/>
      <line num="137" type="stmt" count="1"/>
      <line num="138" type="stmt" count="1"/>
      <line num="141" type="stmt" count="1"/>
      <line num="144" type="stmt" count="12"/>
      <line num="145" type="stmt" count="3"/>
      <line num="146" type="stmt" count="3"/>
      <line num="147" type="stmt" count="3"/>
      <line num="150" type="stmt" count="3"/>
      <line num="153" type="stmt" count="12"/>
      <line num="154" type="stmt" count="9"/>
      <line num="155" type="stmt" count="9"/>
      <line num="156" type="stmt" count="9"/>
      <line num="159" type="stmt" count="9"/>
      <line num="162" type="stmt" count="12"/>
      <line num="165" type="method" name="leaveNode" visibility="public" complexity="4" crap="4" count="12"/>
      <line num="168" type="stmt" count="12"/>
      <line num="169" type="stmt" count="1"/>
      <line num="170" type="stmt" count="1"/>
      <line num="171" type="stmt" count="1"/>
      <line num="172" type="stmt" count="1"/>
      <line num="176" type="stmt" count="12"/>
      <line num="177" type="stmt" count="1"/>
      <line num="180" type="stmt" count="12"/>
      <line num="183" type="method" name="extractFromMethodCall" visibility="private" complexity="6" crap="6.02" count="3"/>
      <line num="185" type="stmt" count="3"/>
      <line num="186" type="stmt" count="3"/>
      <line num="187" type="stmt" count="2"/>
      <line num="190" type="stmt" count="3"/>
      <line num="191" type="stmt" count="3"/>
      <line num="192" type="stmt" count="0"/>
      <line num="195" type="stmt" count="3"/>
      <line num="196" type="stmt" count="3"/>
      <line num="197" type="stmt" count="0"/>
      <line num="200" type="stmt" count="3"/>
      <line num="201" type="stmt" count="3"/>
      <line num="202" type="stmt" count="3"/>
      <line num="203" type="stmt" count="3"/>
      <line num="205" type="stmt" count="3"/>
      <line num="206" type="stmt" count="3"/>
      <line num="207" type="stmt" count="3"/>
      <line num="208" type="stmt" count="3"/>
      <line num="209" type="stmt" count="3"/>
      <line num="210" type="stmt" count="3"/>
      <line num="211" type="stmt" count="3"/>
      <line num="212" type="stmt" count="3"/>
      <line num="213" type="stmt" count="3"/>
      <line num="214" type="stmt" count="3"/>
      <line num="215" type="stmt" count="3"/>
      <line num="216" type="stmt" count="3"/>
      <line num="219" type="method" name="extractFromStaticCall" visibility="private" complexity="8" crap="8.09" count="9"/>
      <line num="221" type="stmt" count="9"/>
      <line num="222" type="stmt" count="9"/>
      <line num="223" type="stmt" count="0"/>
      <line num="226" type="stmt" count="9"/>
      <line num="227" type="stmt" count="9"/>
      <line num="228" type="stmt" count="9"/>
      <line num="229" type="stmt" count="9"/>
      <line num="230" type="stmt" count="0"/>
      <line num="233" type="stmt" count="9"/>
      <line num="234" type="stmt" count="9"/>
      <line num="235" type="stmt" count="0"/>
      <line num="238" type="stmt" count="9"/>
      <line num="239" type="stmt" count="9"/>
      <line num="240" type="stmt" count="9"/>
      <line num="241" type="stmt" count="9"/>
      <line num="243" type="stmt" count="9"/>
      <line num="244" type="stmt" count="9"/>
      <line num="245" type="stmt" count="9"/>
      <line num="246" type="stmt" count="9"/>
      <line num="247" type="stmt" count="9"/>
      <line num="248" type="stmt" count="9"/>
      <line num="249" type="stmt" count="9"/>
      <line num="250" type="stmt" count="9"/>
      <line num="251" type="stmt" count="9"/>
      <line num="252" type="stmt" count="9"/>
      <line num="253" type="stmt" count="9"/>
      <line num="254" type="stmt" count="9"/>
      <line num="268" type="method" name="extractSeverityAndMessageArg" visibility="private" complexity="4" crap="4.02" count="12"/>
      <line num="270" type="stmt" count="12"/>
      <line num="271" type="stmt" count="11"/>
      <line num="274" type="stmt" count="2"/>
      <line num="275" type="stmt" count="2"/>
      <line num="276" type="stmt" count="2"/>
      <line num="277" type="stmt" count="0"/>
      <line num="278" type="stmt" count="2"/>
      <line num="279" type="stmt" count="2"/>
      <line num="282" type="stmt" count="2"/>
      <line num="295" type="method" name="extractMessage" visibility="private" complexity="9" crap="9.02" count="12"/>
      <line num="297" type="stmt" count="12"/>
      <line num="298" type="stmt" count="0"/>
      <line num="301" type="stmt" count="12"/>
      <line num="302" type="stmt" count="12"/>
      <line num="305" type="stmt" count="1"/>
      <line num="306" type="stmt" count="1"/>
      <line num="309" type="stmt" count="1"/>
      <line num="310" type="stmt" count="1"/>
      <line num="311" type="stmt" count="1"/>
      <line num="312" type="stmt" count="1"/>
      <line num="313" type="stmt" count="1"/>
      <line num="318" type="stmt" count="1"/>
      <line num="319" type="stmt" count="1"/>
      <line num="320" type="stmt" count="1"/>
      <line num="321" type="stmt" count="1"/>
      <line num="325" type="stmt" count="1"/>
      <line num="331" type="method" name="extractContext" visibility="private" complexity="3" crap="3.07" count="12"/>
      <line num="333" type="stmt" count="12"/>
      <line num="334" type="stmt" count="11"/>
      <line num="337" type="stmt" count="2"/>
      <line num="338" type="stmt" count="2"/>
      <line num="341" type="stmt" count="0"/>
      <line num="347" type="method" name="arrayContextKeys" visibility="private" complexity="6" crap="6.97" count="2"/>
      <line num="349" type="stmt" count="2"/>
      <line num="350" type="stmt" count="2"/>
      <line num="351" type="stmt" count="2"/>
      <line num="352" type="stmt" count="0"/>
      <line num="355" type="stmt" count="2"/>
      <line num="356" type="stmt" count="2"/>
      <line num="357" type="stmt" count="2"/>
      <line num="360" type="stmt" count="0"/>
      <line num="361" type="stmt" count="0"/>
      <line num="365" type="stmt" count="2"/>
      <line num="376" type="method" name="resolveLoggerExpression" visibility="private" complexity="11" crap="69.69" count="1"/>
      <line num="378" type="stmt" count="1"/>
      <line num="379" type="stmt" count="0"/>
      <line num="380" type="stmt" count="0"/>
      <line num="381" type="stmt" count="0"/>
      <line num="385" type="stmt" count="1"/>
      <line num="386" type="stmt" count="1"/>
      <line num="390" type="stmt" count="0"/>
      <line num="391" type="stmt" count="0"/>
      <line num="392" type="stmt" count="0"/>
      <line num="393" type="stmt" count="0"/>
      <line num="395" type="stmt" count="0"/>
      <line num="396" type="stmt" count="0"/>
      <line num="397" type="stmt" count="0"/>
      <line num="401" type="stmt" count="0"/>
      <line num="412" type="method" name="resolveLoggerNameForMethodCall" visibility="private" complexity="17" crap="27.70" count="3"/>
      <line num="414" type="stmt" count="3"/>
      <line num="415" type="stmt" count="0"/>
      <line num="416" type="stmt" count="0"/>
      <line num="417" type="stmt" count="0"/>
      <line num="421" type="stmt" count="3"/>
      <line num="422" type="stmt" count="2"/>
      <line num="423" type="stmt" count="2"/>
      <line num="424" type="stmt" count="2"/>
      <line num="428" type="stmt" count="2"/>
      <line num="429" type="stmt" count="2"/>
      <line num="430" type="stmt" count="2"/>
      <line num="431" type="stmt" count="1"/>
      <line num="434" type="stmt" count="1"/>
      <line num="435" type="stmt" count="1"/>
      <line num="438" type="stmt" count="0"/>
      <line num="442" type="stmt" count="1"/>
      <line num="443" type="stmt" count="1"/>
      <line num="444" type="stmt" count="1"/>
      <line num="445" type="stmt" count="1"/>
      <line num="447" type="stmt" count="1"/>
      <line num="448" type="stmt" count="1"/>
      <line num="449" type="stmt" count="1"/>
      <line num="453" type="stmt" count="0"/>
      <line num="454" type="stmt" count="0"/>
      <line num="456" type="stmt" count="0"/>
      <line num="459" type="stmt" count="0"/>
      <line num="462" type="stmt" count="0"/>
      <line num="480" type="method" name="captureParams" visibility="private" complexity="6" crap="6.35" count="1"/>
      <line num="482" type="stmt" count="1"/>
      <line num="483" type="stmt" count="1"/>
      <line num="484" type="stmt" count="1"/>
      <line num="487" type="stmt" count="1"/>
      <line num="488" type="stmt" count="0"/>
      <line num="491" type="stmt" count="1"/>
      <line num="492" type="stmt" count="1"/>
      <line num="493" type="stmt" count="1"/>
      <line num="494" type="stmt" count="1"/>
      <line num="495" type="stmt" count="1"/>
      <line num="497" type="stmt" count="1"/>
      <line num="498" type="stmt" count="0"/>
      <line num="499" type="stmt" count="0"/>
      <line num="503" type="stmt" count="1"/>
      <line num="521" type="method" name="captureProperty" visibility="private" complexity="3" crap="3.07" count="1"/>
      <line num="523" type="stmt" count="1"/>
      <line num="524" type="stmt" count="0"/>
      <line num="527" type="stmt" count="1"/>
      <line num="528" type="stmt" count="1"/>
      <line num="529" type="stmt" count="1"/>
      <line num="530" type="stmt" count="1"/>
      <line num="531" type="stmt" count="1"/>
      <line num="532" type="stmt" count="1"/>
      <line num="533" type="stmt" count="0"/>
      <line num="536" type="stmt" count="1"/>
      <line num="542" type="method" name="extractLoggerNameFromAutowireAttribute" visibility="private" complexity="9" crap="9.49" count="1"/>
      <line num="544" type="stmt" count="1"/>
      <line num="545" type="stmt" count="1"/>
      <line num="546" type="stmt" count="1"/>
      <line num="547" type="stmt" count="1"/>
      <line num="548" type="stmt" count="0"/>
      <line num="551" type="stmt" count="1"/>
      <line num="552" type="stmt" count="1"/>
      <line num="553" type="stmt" count="0"/>
      <line num="556" type="stmt" count="1"/>
      <line num="557" type="stmt" count="1"/>
      <line num="563" type="stmt" count="1"/>
      <line num="566" type="method" name="loggerNameFromServiceId" visibility="private" complexity="4" crap="5.02" count="2"/>
      <line num="568" type="stmt" count="2"/>
      <line num="569" type="stmt" count="0"/>
      <line num="572" type="stmt" count="2"/>
      <line num="573" type="stmt" count="2"/>
      <line num="576" type="stmt" count="0"/>
      <line num="579" type="method" name="isContainerGetCall" visibility="private" complexity="10" crap="10.36" count="3"/>
      <line num="581" type="stmt" count="3"/>
      <line num="582" type="stmt" count="3"/>
      <line num="585" type="stmt" count="2"/>
      <line num="586" type="stmt" count="0"/>
      <line num="589" type="stmt" count="2"/>
      <line num="590" type="stmt" count="2"/>
      <line num="591" type="stmt" count="1"/>
      <line num="595" type="stmt" count="1"/>
      <line num="596" type="stmt" count="1"/>
      <line num="597" type="stmt" count="1"/>
      <line num="598" type="stmt" count="1"/>
      <line num="600" type="stmt" count="1"/>
      <line num="603" type="stmt" count="0"/>
      <line num="606" type="method" name="isLoggerType" visibility="private" complexity="4" crap="4.25" count="1"/>
      <line num="608" type="stmt" count="1"/>
      <line num="609" type="stmt" count="1"/>
      <line num="612" type="stmt" count="1"/>
      <line num="613" type="stmt" count="0"/>
      <line num="616" type="stmt" count="1"/>
      <line num="617" type="stmt" count="0"/>
      <line num="620" type="stmt" count="1"/>
      <line num="622" type="stmt" count="1"/>
      <line num="625" type="method" name="isProbableLoggerVariableName" visibility="private" complexity="2" crap="2" count="1"/>
      <line num="627" type="stmt" count="1"/>
      <line num="630" type="method" name="guessLoggerFromVariableName" visibility="private" complexity="4" crap="4.03" count="2"/>
      <line num="632" type="stmt" count="2"/>
      <line num="633" type="stmt" count="2"/>
      <line num="634" type="stmt" count="2"/>
      <line num="636" type="stmt" count="2"/>
      <line num="637" type="stmt" count="1"/>
      <line num="640" type="stmt" count="2"/>
      <line num="641" type="stmt" count="2"/>
      <line num="644" type="stmt" count="0"/>
      <line num="647" type="method" name="resolveChannel" visibility="private" complexity="3" crap="3" count="12"/>
      <line num="649" type="stmt" count="12"/>
      <line num="650" type="stmt" count="3"/>
      <line num="653" type="stmt" count="10"/>
      <line num="654" type="stmt" count="10"/>
      <line num="655" type="stmt" count="6"/>
      <line num="658" type="stmt" count="5"/>
      <line num="661" type="method" name="concatLiteral" visibility="private" complexity="7" crap="7.64" count="1"/>
      <line num="663" type="stmt" count="1"/>
      <line num="664" type="stmt" count="1"/>
      <line num="666" type="stmt" count="1"/>
      <line num="667" type="stmt" count="1"/>
      <line num="668" type="stmt" count="1"/>
      <line num="669" type="stmt" count="0"/>
      <line num="670" type="stmt" count="0"/>
      <line num="673" type="stmt" count="1"/>
      <line num="674" type="stmt" count="0"/>
      <line num="677" type="stmt" count="1"/>
      <line num="678" type="stmt" count="1"/>
      <line num="679" type="stmt" count="1"/>
      <line num="680" type="stmt" count="1"/>
      <line num="681" type="stmt" count="0"/>
      <line num="684" type="stmt" count="1"/>
      <line num="685" type="stmt" count="1"/>
      <line num="688" type="stmt" count="1"/>
      <line num="691" type="method" name="classConstFetchToString" visibility="private" complexity="4" crap="4" count="2"/>
      <line num="693" type="stmt" count="2"/>
      <line num="694" type="stmt" count="2"/>
      <line num="695" type="stmt" count="1"/>
      <line num="698" type="stmt" count="2"/>
      <line num="700" type="stmt" count="2"/>
      <line num="703" type="method" name="functionName" visibility="private" complexity="2" crap="2.15" count="1"/>
      <line num="705" type="stmt" count="1"/>
      <line num="706" type="stmt" count="1"/>
      <line num="709" type="stmt" count="0"/>
      <line num="712" type="method" name="className" visibility="private" complexity="3" crap="4.94" count="1"/>
      <line num="714" type="stmt" count="1"/>
      <line num="715" type="stmt" count="1"/>
      <line num="718" type="stmt" count="0"/>
      <line num="719" type="stmt" count="0"/>
      <line num="722" type="stmt" count="0"/>
      <line num="725" type="method" name="classNameFromExpr" visibility="private" complexity="3" crap="4.94" count="10"/>
      <line num="727" type="stmt" count="10"/>
      <line num="728" type="stmt" count="10"/>
      <line num="731" type="stmt" count="0"/>
      <line num="732" type="stmt" count="0"/>
      <line num="735" type="stmt" count="0"/>
      <line num="738" type="method" name="attributeName" visibility="private" complexity="1" crap="1" count="1"/>
      <line num="740" type="stmt" count="1"/>
      <line num="743" type="method" name="fullName" visibility="private" complexity="3" crap="3" count="10"/>
      <line num="745" type="stmt" count="10"/>
      <line num="746" type="stmt" count="10"/>
      <line num="747" type="stmt" count="10"/>
      <line num="748" type="stmt" count="10"/>
      <line num="752" type="stmt" count="1"/>
      <line num="755" type="method" name="domainContext" visibility="private" complexity="2" crap="2.03" count="12"/>
      <line num="757" type="stmt" count="12"/>
      <line num="758" type="stmt" count="12"/>
      <line num="759" type="stmt" count="12"/>
      <line num="760" type="stmt" count="0"/>
      <line num="763" type="stmt" count="12"/>
      <line num="774" type="method" name="currentScope" visibility="private" complexity="2" crap="2.15" count="12"/>
      <line num="776" type="stmt" count="12"/>
      <line num="777" type="stmt" count="0"/>
      <line num="780" type="stmt" count="12"/>
      <line num="791" type="method" name="replaceCurrentScope" visibility="private" complexity="2" crap="2.15" count="1"/>
      <line num="793" type="stmt" count="1"/>
      <line num="794" type="stmt" count="0"/>
      <line num="797" type="stmt" count="1"/>
      <line num="803" type="method" name="argumentValue" visibility="private" complexity="2" crap="2" count="12"/>
      <line num="805" type="stmt" count="12"/>
      <line num="806" type="stmt" count="12"/>
      <line num="807" type="stmt" count="11"/>
      <line num="810" type="stmt" count="12"/>
      <line num="813" type="method" name="expressionToString" visibility="private" complexity="1" crap="1" count="2"/>
      <line num="815" type="stmt" count="2"/>
      <metrics loc="818" ncloc="717" classes="1" methods="33" coveredmethods="10" conditionals="0" coveredconditionals="0" statements="339" coveredstatements="273" elements="372" coveredelements="283"/>
    </file>
    <file name="/Users/pavel.ko/Projects/logging-php/php/src/Inventory/Filter/LogUsageFilterSorter.php">
      <class name="Adheart\Logging\Inventory\Filter\LogUsageFilterSorter" namespace="global">
        <metrics complexity="35" methods="9" coveredmethods="2" conditionals="0" coveredconditionals="0" statements="70" coveredstatements="56" elements="79" coveredelements="58"/>
      </class>
      <line num="28" type="method" name="apply" visibility="public" complexity="5" crap="5.01" count="10"/>
      <line num="30" type="stmt" count="10"/>
      <line num="32" type="stmt" count="10"/>
      <line num="33" type="stmt" count="10"/>
      <line num="34" type="stmt" count="9"/>
      <line num="37" type="stmt" count="10"/>
      <line num="38" type="stmt" count="10"/>
      <line num="39" type="stmt" count="1"/>
      <line num="40" type="stmt" count="1"/>
      <line num="42" type="stmt" count="1"/>
      <line num="43" type="stmt" count="1"/>
      <line num="44" type="stmt" count="1"/>
      <line num="45" type="stmt" count="1"/>
      <line num="49" type="stmt" count="0"/>
      <line num="50" type="stmt" count="10"/>
      <line num="52" type="stmt" count="10"/>
      <line num="55" type="method" name="passes" visibility="private" complexity="11" crap="11.44" count="10"/>
      <line num="57" type="stmt" count="10"/>
      <line num="58" type="stmt" count="0"/>
      <line num="61" type="stmt" count="10"/>
      <line num="62" type="stmt" count="1"/>
      <line num="65" type="stmt" count="10"/>
      <line num="66" type="stmt" count="0"/>
      <line num="69" type="stmt" count="10"/>
      <line num="70" type="stmt" count="1"/>
      <line num="73" type="stmt" count="10"/>
      <line num="74" type="stmt" count="2"/>
      <line num="77" type="stmt" count="10"/>
      <line num="78" type="stmt" count="2"/>
      <line num="81" type="stmt" count="9"/>
      <line num="84" type="method" name="passesOnlySeverity" visibility="private" complexity="4" crap="4" count="10"/>
      <line num="86" type="stmt" count="10"/>
      <line num="87" type="stmt" count="8"/>
      <line num="90" type="stmt" count="2"/>
      <line num="91" type="stmt" count="2"/>
      <line num="94" type="stmt" count="1"/>
      <line num="97" type="method" name="passesSeverityMin" visibility="private" complexity="5" crap="5.03" count="9"/>
      <line num="99" type="stmt" count="9"/>
      <line num="100" type="stmt" count="4"/>
      <line num="103" type="stmt" count="5"/>
      <line num="104" type="stmt" count="2"/>
      <line num="107" type="stmt" count="4"/>
      <line num="108" type="stmt" count="4"/>
      <line num="110" type="stmt" count="4"/>
      <line num="111" type="stmt" count="0"/>
      <line num="114" type="stmt" count="4"/>
      <line num="117" type="method" name="passesContextKeyFilter" visibility="private" complexity="4" crap="4" count="10"/>
      <line num="119" type="stmt" count="10"/>
      <line num="120" type="stmt" count="8"/>
      <line num="123" type="stmt" count="2"/>
      <line num="124" type="stmt" count="2"/>
      <line num="125" type="stmt" count="2"/>
      <line num="126" type="stmt" count="2"/>
      <line num="130" type="stmt" count="2"/>
      <line num="136" type="method" name="sortFields" visibility="private" complexity="1" crap="1.02" count="10"/>
      <line num="138" type="stmt" count="10"/>
      <line num="139" type="stmt" count="8"/>
      <line num="140" type="stmt" count="2"/>
      <line num="141" type="stmt" count="0"/>
      <line num="142" type="stmt" count="0"/>
      <line num="143" type="stmt" count="10"/>
      <line num="144" type="stmt" count="10"/>
      <line num="147" type="method" name="compareByField" visibility="private" complexity="1" crap="1.08" count="1"/>
      <line num="149" type="stmt" count="1"/>
      <line num="150" type="stmt" count="0"/>
      <line num="151" type="stmt" count="1"/>
      <line num="152" type="stmt" count="0"/>
      <line num="153" type="stmt" count="0"/>
      <line num="154" type="stmt" count="1"/>
      <line num="155" type="stmt" count="1"/>
      <line num="158" type="method" name="severityRank" visibility="private" complexity="2" crap="2.15" count="1"/>
      <line num="160" type="stmt" count="1"/>
      <line num="161" type="stmt" count="0"/>
      <line num="164" type="stmt" count="1"/>
      <line num="167" type="method" name="comparePath" visibility="private" complexity="2" crap="6" count="0"/>
      <line num="169" type="stmt" count="0"/>
      <line num="170" type="stmt" count="0"/>
      <line num="171" type="stmt" count="0"/>
      <line num="174" type="stmt" count="0"/>
      <metrics loc="177" ncloc="169" classes="1" methods="9" coveredmethods="2" conditionals="0" coveredconditionals="0" statements="70" coveredstatements="56" elements="79" coveredelements="58"/>
    </file>
    <file name="/Users/pavel.ko/Projects/logging-php/php/src/Inventory/LoggerCatalogProvider.php">
      <class name="Adheart\Logging\Inventory\LoggerCatalogProvider" namespace="global">
        <metrics complexity="8" methods="2" coveredmethods="1" conditionals="0" coveredconditionals="0" statements="15" coveredstatements="13" elements="17" coveredelements="14"/>
      </class>
      <line num="15" type="method" name="__construct" visibility="public" complexity="1" crap="1" count="10"/>
      <line num="18" type="stmt" count="10"/>
      <line num="20" type="method" name="buildCatalog" visibility="public" complexity="7" crap="7.14" count="6"/>
      <line num="22" type="stmt" count="6"/>
      <line num="24" type="stmt" count="6"/>
      <line num="25" type="stmt" count="2"/>
      <line num="26" type="stmt" count="0"/>
      <line num="29" type="stmt" count="2"/>
      <line num="31" type="stmt" count="2"/>
      <line num="32" type="stmt" count="1"/>
      <line num="33" type="stmt" count="2"/>
      <line num="34" type="stmt" count="0"/>
      <line num="37" type="stmt" count="2"/>
      <line num="40" type="stmt" count="6"/>
      <line num="41" type="stmt" count="6"/>
      <line num="44" type="stmt" count="6"/>
      <line num="46" type="stmt" count="6"/>
      <metrics loc="49" ncloc="46" classes="1" methods="2" coveredmethods="1" conditionals="0" coveredconditionals="0" statements="15" coveredstatements="13" elements="17" coveredelements="14"/>
    </file>
    <file name="/Users/pavel.ko/Projects/logging-php/php/src/Inventory/Model/LogUsage.php">
      <class name="Adheart\Logging\Inventory\Model\LogUsage" namespace="global">
        <metrics complexity="2" methods="2" coveredmethods="2" conditionals="0" coveredconditionals="0" statements="2" coveredstatements="2" elements="4" coveredelements="4"/>
      </class>
      <line num="9" type="method" name="__construct" visibility="public" complexity="1" crap="1" count="23"/>
      <line num="22" type="stmt" count="23"/>
      <line num="24" type="method" name="location" visibility="public" complexity="1" crap="1" count="6"/>
      <line num="26" type="stmt" count="6"/>
      <metrics loc="29" ncloc="28" classes="1" methods="2" coveredmethods="2" conditionals="0" coveredconditionals="0" statements="2" coveredstatements="2" elements="4" coveredelements="4"/>
    </file>
    <file name="/Users/pavel.ko/Projects/logging-php/php/src/Inventory/Model/LoggerCatalog.php">
      <class name="Adheart\Logging\Inventory\Model\LoggerCatalog" namespace="global">
        <metrics complexity="6" methods="4" coveredmethods="4" conditionals="0" coveredconditionals="0" statements="9" coveredstatements="9" elements="13" coveredelements="13"/>
      </class>
      <line num="12" type="method" name="__construct" visibility="public" complexity="1" crap="1" count="10"/>
      <line num="15" type="stmt" count="10"/>
      <line num="20" type="method" name="loggerToService" visibility="public" complexity="3" crap="3" count="2"/>
      <line num="22" type="stmt" count="2"/>
      <line num="23" type="stmt" count="2"/>
      <line num="24" type="stmt" count="2"/>
      <line num="25" type="stmt" count="2"/>
      <line num="29" type="stmt" count="2"/>
      <line num="31" type="stmt" count="2"/>
      <line num="37" type="method" name="knownLoggerNames" visibility="public" complexity="1" crap="1" count="4"/>
      <line num="39" type="stmt" count="4"/>
      <line num="42" type="method" name="loggerNameByServiceId" visibility="public" complexity="1" crap="1" count="6"/>
      <line num="44" type="stmt" count="6"/>
      <metrics loc="47" ncloc="38" classes="1" methods="4" coveredmethods="4" conditionals="0" coveredconditionals="0" statements="9" coveredstatements="9" elements="13" coveredelements="13"/>
    </file>
    <file name="/Users/pavel.ko/Projects/logging-php/php/src/Inventory/Model/ScanQuery.php">
      <class name="Adheart\Logging\Inventory\Model\ScanQuery" namespace="global">
        <metrics complexity="1" methods="1" coveredmethods="1" conditionals="0" coveredconditionals="0" statements="1" coveredstatements="1" elements="2" coveredelements="2"/>
      </class>
      <line num="19" type="method" name="__construct" visibility="public" complexity="1" crap="1" count="21"/>
      <line num="39" type="stmt" count="21"/>
      <metrics loc="41" ncloc="31" classes="1" methods="1" coveredmethods="1" conditionals="0" coveredconditionals="0" statements="1" coveredstatements="1" elements="2" coveredelements="2"/>
    </file>
    <file name="/Users/pavel.ko/Projects/logging-php/php/src/Inventory/Model/ScanResult.php">
      <class name="Adheart\Logging\Inventory\Model\ScanResult" namespace="global">
        <metrics complexity="1" methods="1" coveredmethods="1" conditionals="0" coveredconditionals="0" statements="1" coveredstatements="1" elements="2" coveredelements="2"/>
      </class>
      <line num="13" type="method" name="__construct" visibility="public" complexity="1" crap="1" count="10"/>
      <line num="18" type="stmt" count="10"/>
      <metrics loc="20" ncloc="16" classes="1" methods="1" coveredmethods="1" conditionals="0" coveredconditionals="0" statements="1" coveredstatements="1" elements="2" coveredelements="2"/>
    </file>
    <file name="/Users/pavel.ko/Projects/logging-php/php/src/Inventory/Renderer/LogUsageRenderer.php">
      <class name="Adheart\Logging\Inventory\Renderer\LogUsageRenderer" namespace="global">
        <metrics complexity="22" methods="10" coveredmethods="5" conditionals="0" coveredconditionals="0" statements="128" coveredstatements="99" elements="138" coveredelements="104"/>
      </class>
      <line num="21" type="method" name="renderTable" visibility="public" complexity="3" crap="9.23" count="2"/>
      <line num="28" type="stmt" count="2"/>
      <line num="29" type="stmt" count="2"/>
      <line num="30" type="stmt" count="2"/>
      <line num="33" type="stmt" count="0"/>
      <line num="34" type="stmt" count="0"/>
      <line num="35" type="stmt" count="0"/>
      <line num="36" type="stmt" count="0"/>
      <line num="37" type="stmt" count="0"/>
      <line num="38" type="stmt" count="0"/>
      <line num="39" type="stmt" count="0"/>
      <line num="40" type="stmt" count="0"/>
      <line num="41" type="stmt" count="0"/>
      <line num="42" type="stmt" count="0"/>
      <line num="43" type="stmt" count="0"/>
      <line num="45" type="stmt" count="0"/>
      <line num="46" type="stmt" count="0"/>
      <line num="47" type="stmt" count="0"/>
      <line num="48" type="stmt" count="0"/>
      <line num="49" type="stmt" count="0"/>
      <line num="50" type="stmt" count="0"/>
      <line num="51" type="stmt" count="0"/>
      <line num="52" type="stmt" count="0"/>
      <line num="53" type="stmt" count="0"/>
      <line num="54" type="stmt" count="0"/>
      <line num="55" type="stmt" count="0"/>
      <line num="58" type="stmt" count="0"/>
      <line num="64" type="method" name="renderJson" visibility="public" complexity="2" crap="2" count="4"/>
      <line num="66" type="stmt" count="4"/>
      <line num="67" type="stmt" count="4"/>
      <line num="68" type="stmt" count="4"/>
      <line num="69" type="stmt" count="4"/>
      <line num="70" type="stmt" count="4"/>
      <line num="71" type="stmt" count="4"/>
      <line num="72" type="stmt" count="4"/>
      <line num="73" type="stmt" count="4"/>
      <line num="74" type="stmt" count="4"/>
      <line num="75" type="stmt" count="4"/>
      <line num="76" type="stmt" count="4"/>
      <line num="77" type="stmt" count="4"/>
      <line num="78" type="stmt" count="4"/>
      <line num="79" type="stmt" count="4"/>
      <line num="80" type="stmt" count="4"/>
      <line num="81" type="stmt" count="4"/>
      <line num="82" type="stmt" count="4"/>
      <line num="83" type="stmt" count="4"/>
      <line num="84" type="stmt" count="4"/>
      <line num="85" type="stmt" count="4"/>
      <line num="87" type="stmt" count="4"/>
      <line num="88" type="stmt" count="1"/>
      <line num="91" type="stmt" count="4"/>
      <line num="97" type="method" name="renderSummary" visibility="public" complexity="1" crap="1" count="2"/>
      <line num="99" type="stmt" count="2"/>
      <line num="100" type="stmt" count="2"/>
      <line num="101" type="stmt" count="2"/>
      <line num="102" type="stmt" count="2"/>
      <line num="103" type="stmt" count="2"/>
      <line num="104" type="stmt" count="2"/>
      <line num="105" type="stmt" count="2"/>
      <line num="106" type="stmt" count="2"/>
      <line num="109" type="method" name="renderMessage" visibility="private" complexity="3" crap="3" count="2"/>
      <line num="111" type="stmt" count="2"/>
      <line num="112" type="stmt" count="1"/>
      <line num="115" type="stmt" count="1"/>
      <line num="121" type="method" name="renderCompact" visibility="private" complexity="4" crap="4" count="2"/>
      <line num="123" type="stmt" count="2"/>
      <line num="124" type="stmt" count="2"/>
      <line num="125" type="stmt" count="2"/>
      <line num="126" type="stmt" count="0"/>
      <line num="129" type="stmt" count="2"/>
      <line num="130" type="stmt" count="2"/>
      <line num="131" type="stmt" count="2"/>
      <line num="133" type="stmt" count="2"/>
      <line num="134" type="stmt" count="2"/>
      <line num="135" type="stmt" count="2"/>
      <line num="136" type="stmt" count="2"/>
      <line num="137" type="stmt" count="2"/>
      <line num="138" type="stmt" count="2"/>
      <line num="139" type="stmt" count="2"/>
      <line num="140" type="stmt" count="2"/>
      <line num="141" type="stmt" count="2"/>
      <line num="142" type="stmt" count="2"/>
      <line num="143" type="stmt" count="2"/>
      <line num="145" type="stmt" count="2"/>
      <line num="146" type="stmt" count="2"/>
      <line num="147" type="stmt" count="2"/>
      <line num="148" type="stmt" count="2"/>
      <line num="149" type="stmt" count="2"/>
      <line num="150" type="stmt" count="2"/>
      <line num="151" type="stmt" count="2"/>
      <line num="152" type="stmt" count="2"/>
      <line num="153" type="stmt" count="2"/>
      <line num="155" type="stmt" count="2"/>
      <line num="156" type="stmt" count="1"/>
      <line num="157" type="stmt" count="1"/>
      <line num="158" type="stmt" count="1"/>
      <line num="161" type="stmt" count="2"/>
      <line num="165" type="method" name="limitContext" visibility="private" complexity="3" crap="3.01" count="1"/>
      <line num="167" type="stmt" count="1"/>
      <line num="168" type="stmt" count="0"/>
      <line num="171" type="stmt" count="1"/>
      <line num="172" type="stmt" count="1"/>
      <line num="174" type="stmt" count="1"/>
      <line num="175" type="stmt" count="1"/>
      <line num="176" type="stmt" count="1"/>
      <line num="177" type="stmt" count="1"/>
      <line num="178" type="stmt" count="1"/>
      <line num="181" type="method" name="severityBadge" visibility="private" complexity="1" crap="1.04" count="2"/>
      <line num="183" type="stmt" count="2"/>
      <line num="185" type="stmt" count="2"/>
      <line num="186" type="stmt" count="0"/>
      <line num="187" type="stmt" count="1"/>
      <line num="188" type="stmt" count="0"/>
      <line num="189" type="stmt" count="1"/>
      <line num="190" type="stmt" count="0"/>
      <line num="191" type="stmt" count="2"/>
      <line num="192" type="stmt" count="2"/>
      <line num="195" type="method" name="separator" visibility="private" complexity="1" crap="2" count="0"/>
      <line num="197" type="stmt" count="0"/>
      <line num="203" type="method" name="renderContextKeys" visibility="private" complexity="3" crap="3" count="2"/>
      <line num="205" type="stmt" count="2"/>
      <line num="206" type="stmt" count="1"/>
      <line num="209" type="stmt" count="1"/>
      <line num="210" type="stmt" count="1"/>
      <line num="211" type="stmt" count="1"/>
      <line num="212" type="stmt" count="1"/>
      <line num="213" type="stmt" count="1"/>
      <line num="214" type="stmt" count="1"/>
      <line num="215" type="stmt" count="1"/>
      <line num="218" type="stmt" count="1"/>
      <line num="226" type="method" name="summaryData" visibility="private" complexity="1" crap="1" count="3"/>
      <line num="228" type="stmt" count="3"/>
      <line num="229" type="stmt" count="3"/>
      <line num="231" type="stmt" count="3"/>
      <line num="232" type="stmt" count="3"/>
      <line num="233" type="stmt" count="3"/>
      <line num="234" type="stmt" count="3"/>
      <line num="235" type="stmt" count="3"/>
      <metrics loc="238" ncloc="218" classes="1" methods="10" coveredmethods="5" conditionals="0" coveredconditionals="0" statements="128" coveredstatements="99" elements="138" coveredelements="104"/>
    </file>
    <file name="/Users/pavel.ko/Projects/logging-php/php/src/Inventory/ScanQueryFactory.php">
      <class name="Adheart\Logging\Inventory\ScanQueryFactory" namespace="global">
        <metrics complexity="15" methods="4" coveredmethods="4" conditionals="0" coveredconditionals="0" statements="48" coveredstatements="48" elements="52" coveredelements="52"/>
      </class>
      <line num="17" type="method" name="parseCsvList" visibility="public" complexity="8" crap="8" count="10"/>
      <line num="19" type="stmt" count="10"/>
      <line num="21" type="stmt" count="10"/>
      <line num="22" type="stmt" count="9"/>
      <line num="23" type="stmt" count="1"/>
      <line num="24" type="stmt" count="1"/>
      <line num="25" type="stmt" count="1"/>
      <line num="26" type="stmt" count="1"/>
      <line num="30" type="stmt" count="10"/>
      <line num="31" type="stmt" count="10"/>
      <line num="32" type="stmt" count="10"/>
      <line num="33" type="stmt" count="10"/>
      <line num="34" type="stmt" count="10"/>
      <line num="39" type="stmt" count="10"/>
      <line num="42" type="method" name="build" visibility="public" complexity="2" crap="2" count="9"/>
      <line num="44" type="stmt" count="9"/>
      <line num="45" type="stmt" count="9"/>
      <line num="46" type="stmt" count="9"/>
      <line num="47" type="stmt" count="9"/>
      <line num="48" type="stmt" count="9"/>
      <line num="49" type="stmt" count="9"/>
      <line num="50" type="stmt" count="9"/>
      <line num="52" type="stmt" count="9"/>
      <line num="53" type="stmt" count="9"/>
      <line num="54" type="stmt" count="9"/>
      <line num="55" type="stmt" count="9"/>
      <line num="56" type="stmt" count="9"/>
      <line num="57" type="stmt" count="9"/>
      <line num="58" type="stmt" count="9"/>
      <line num="59" type="stmt" count="9"/>
      <line num="60" type="stmt" count="9"/>
      <line num="61" type="stmt" count="9"/>
      <line num="62" type="stmt" count="9"/>
      <line num="63" type="stmt" count="9"/>
      <line num="64" type="stmt" count="9"/>
      <line num="65" type="stmt" count="9"/>
      <line num="66" type="stmt" count="9"/>
      <line num="67" type="stmt" count="9"/>
      <line num="68" type="stmt" count="9"/>
      <line num="69" type="stmt" count="9"/>
      <line num="70" type="stmt" count="9"/>
      <line num="71" type="stmt" count="9"/>
      <line num="74" type="method" name="normalizePathItem" visibility="private" complexity="2" crap="2" count="10"/>
      <line num="76" type="stmt" count="10"/>
      <line num="77" type="stmt" count="10"/>
      <line num="78" type="stmt" count="1"/>
      <line num="81" type="stmt" count="10"/>
      <line num="84" type="method" name="normalizeValue" visibility="private" complexity="3" crap="3" count="9"/>
      <line num="86" type="stmt" count="9"/>
      <line num="87" type="stmt" count="8"/>
      <line num="90" type="stmt" count="9"/>
      <line num="92" type="stmt" count="9"/>
      <metrics loc="95" ncloc="90" classes="1" methods="4" coveredmethods="4" conditionals="0" coveredconditionals="0" statements="48" coveredstatements="48" elements="52" coveredelements="52"/>
    </file>
    <file name="/Users/pavel.ko/Projects/logging-php/php/src/Inventory/Scanner/LogUsageScanner.php">
      <class name="Adheart\Logging\Inventory\Scanner\LogUsageScanner" namespace="global">
        <metrics complexity="30" methods="5" coveredmethods="3" conditionals="0" coveredconditionals="0" statements="74" coveredstatements="70" elements="79" coveredelements="73"/>
      </class>
      <line num="24" type="method" name="__construct" visibility="public" complexity="1" crap="1" count="13"/>
      <line num="28" type="stmt" count="13"/>
      <line num="35" type="method" name="scan" visibility="public" complexity="6" crap="6.01" count="8"/>
      <line num="41" type="stmt" count="8"/>
      <line num="42" type="stmt" count="8"/>
      <line num="43" type="stmt" count="8"/>
      <line num="45" type="stmt" count="8"/>
      <line num="47" type="stmt" count="8"/>
      <line num="48" type="stmt" count="8"/>
      <line num="49" type="stmt" count="8"/>
      <line num="50" type="stmt" count="4"/>
      <line num="53" type="stmt" count="8"/>
      <line num="54" type="stmt" count="8"/>
      <line num="55" type="stmt" count="8"/>
      <line num="56" type="stmt" count="0"/>
      <line num="60" type="stmt" count="8"/>
      <line num="61" type="stmt" count="2"/>
      <line num="62" type="stmt" count="2"/>
      <line num="63" type="stmt" count="2"/>
      <line num="66" type="stmt" count="8"/>
      <line num="67" type="stmt" count="0"/>
      <line num="70" type="stmt" count="8"/>
      <line num="71" type="stmt" count="8"/>
      <line num="72" type="stmt" count="8"/>
      <line num="73" type="stmt" count="8"/>
      <line num="74" type="stmt" count="8"/>
      <line num="75" type="stmt" count="8"/>
      <line num="76" type="stmt" count="8"/>
      <line num="77" type="stmt" count="8"/>
      <line num="78" type="stmt" count="8"/>
      <line num="81" type="stmt" count="8"/>
      <line num="87" type="method" name="discoverFiles" visibility="private" complexity="10" crap="10.05" count="8"/>
      <line num="89" type="stmt" count="8"/>
      <line num="90" type="stmt" count="8"/>
      <line num="91" type="stmt" count="8"/>
      <line num="92" type="stmt" count="8"/>
      <line num="93" type="stmt" count="8"/>
      <line num="97" type="stmt" count="8"/>
      <line num="99" type="stmt" count="8"/>
      <line num="100" type="stmt" count="8"/>
      <line num="101" type="stmt" count="8"/>
      <line num="102" type="stmt" count="8"/>
      <line num="103" type="stmt" count="8"/>
      <line num="104" type="stmt" count="8"/>
      <line num="105" type="stmt" count="8"/>
      <line num="107" type="stmt" count="8"/>
      <line num="108" type="stmt" count="8"/>
      <line num="109" type="stmt" count="0"/>
      <line num="112" type="stmt" count="8"/>
      <line num="113" type="stmt" count="0"/>
      <line num="116" type="stmt" count="8"/>
      <line num="117" type="stmt" count="8"/>
      <line num="118" type="stmt" count="8"/>
      <line num="119" type="stmt" count="3"/>
      <line num="122" type="stmt" count="8"/>
      <line num="126" type="stmt" count="8"/>
      <line num="128" type="stmt" count="8"/>
      <line num="131" type="method" name="isIncludedByFilters" visibility="private" complexity="8" crap="8" count="8"/>
      <line num="133" type="stmt" count="8"/>
      <line num="134" type="stmt" count="8"/>
      <line num="135" type="stmt" count="1"/>
      <line num="139" type="stmt" count="8"/>
      <line num="140" type="stmt" count="1"/>
      <line num="141" type="stmt" count="1"/>
      <line num="145" type="stmt" count="8"/>
      <line num="146" type="stmt" count="7"/>
      <line num="149" type="stmt" count="1"/>
      <line num="150" type="stmt" count="1"/>
      <line num="151" type="stmt" count="1"/>
      <line num="155" type="stmt" count="1"/>
      <line num="158" type="method" name="normalizeInputPath" visibility="private" complexity="5" crap="5" count="8"/>
      <line num="160" type="stmt" count="8"/>
      <line num="161" type="stmt" count="8"/>
      <line num="162" type="stmt" count="1"/>
      <line num="165" type="stmt" count="8"/>
      <line num="166" type="stmt" count="1"/>
      <line num="169" type="stmt" count="7"/>
      <line num="170" type="stmt" count="1"/>
      <line num="173" type="stmt" count="7"/>
      <metrics loc="176" ncloc="169" classes="1" methods="5" coveredmethods="3" conditionals="0" coveredconditionals="0" statements="74" coveredstatements="70" elements="79" coveredelements="73"/>
    </file>
    <file name="/Users/pavel.ko/Projects/logging-php/php/src/LoggingBundle.php">
      <class name="Adheart\Logging\LoggingBundle" namespace="global">
        <metrics complexity="3" methods="2" coveredmethods="2" conditionals="0" coveredconditionals="0" statements="7" coveredstatements="7" elements="9" coveredelements="9"/>
      </class>
      <line num="17" type="method" name="build" visibility="public" complexity="1" crap="1" count="2"/>
      <line num="20" type="stmt" count="2"/>
      <line num="22" type="stmt" count="2"/>
      <line num="23" type="stmt" count="2"/>
      <line num="24" type="stmt" count="2"/>
      <line num="27" type="method" name="getContainerExtension" visibility="public" complexity="2" crap="2" count="3"/>
      <line num="30" type="stmt" count="3"/>
      <line num="31" type="stmt" count="3"/>
      <line num="34" type="stmt" count="3"/>
      <metrics loc="37" ncloc="37" classes="1" methods="2" coveredmethods="2" conditionals="0" coveredconditionals="0" statements="7" coveredstatements="7" elements="9" coveredelements="9"/>
    </file>
    <metrics files="24" loc="3127" ncloc="2808" classes="23" methods="117" coveredmethods="67" conditionals="0" coveredconditionals="0" statements="1313" coveredstatements="1179" elements="1430" coveredelements="1246"/>
  </project>
</coverage>
